

[2023-11-15 23:19:13,928] [INFO] [real_accelerator.py:158:get_accelerator] Setting ds_accelerator to cuda (auto detect)
Namespace(data_file='/hpcfs/users/a1232991/Data/CVESingle/CVEALL.csv', output_dir='./saved_models/ourJava/seed43', model_type='roberta', block_size=512, model_name='model.bin', model_name_or_path='microsoft/codebert-base', config_name='', use_non_pretrained_model=False, tokenizer_name='microsoft/codebert-base', code_length=256, post_adjust=False, do_train=True, do_eval=False, do_test=True, debug=False, evaluate_during_training=True, do_local_explanation=False, reasoning_method=None, train_batch_size=16, eval_batch_size=16, gradient_accumulation_steps=1, learning_rate=2e-05, weight_decay=0.0, adam_epsilon=1e-08, max_grad_norm=1.0, max_steps=-1, warmup_steps=0, seed=43, epochs=10, language='Java', resume=None, effort_at_top_k=0.2, top_k_recall_by_lines=0.01, top_k_recall_by_pred_prob=0.2, do_sorting_by_line_scores=False, do_sorting_by_pred_prob=False, logits_adjust=False, top_k_constant=10, num_attention_heads=12, write_raw_preds=False, use_word_level_tokenizer=False, use_non_pretrained_tokenizer=False, n_gpu=1, device=device(type='cuda'))
best_threshold for Java:  0.0863
best_f1 for Java:  0.3587
best_recall:  0.4
best_precision:  0.3252
***** Java Test results *****
{'Java_accuracy': 0.9049615653389238, 'Java_ap': 0.32161689713204444, 'Java_recall': array([0.9541698, 0.25     ]), 'Java_precision': array([0.94423792, 0.29069767]), 'Java_f1': array([0.94917788, 0.2688172 ]), 'Java_threshold': 0.0863, 'Java_mcc': 0.21901313268904568, 'Java_cm': array([[1270,   61],
       [  75,   25]])}
best_threshol:  0.0863
best_f1 for:  0.3587
best_recall:  0.4
best_precision:  0.3252
***** Test results *****
  %s = %s test_accuracy 0.905
  %s = %s test_ap 0.3216
  %s = %s test_cm [[1270   61]
 [  75   25]]
  %s = %s test_f1 0.2688
  %s = %s test_mcc 0.219
  %s = %s test_precision 0.2907
  %s = %s test_recall 0.25
  %s = %s test_threshold 0.0863
1431 1431 1431 1431
[2023-11-16 00:04:00,825] [INFO] [real_accelerator.py:158:get_accelerator] Setting ds_accelerator to cuda (auto detect)
