[2023-10-03 10:41:37,194] [INFO] [real_accelerator.py:158:get_accelerator] Setting ds_accelerator to cuda (auto detect)
language_dict:  {'Python': 1, 'TypeScript': 2, 'Java': 3, 'CS': 4, 'CCPP': 5, 'JavaScript': 6}
language_dict:  {'Python': 1, 'TypeScript': 2, 'Java': 3, 'CS': 4, 'CCPP': 5, 'JavaScript': 6}
(22600, 7) (22600,)
(22600, 7) (22600,)
(22600, 7) (22600,)
(22600, 7) (22600,)
(22600, 7) (22600,)
(22600, 7) (22600,)
(22600, 7) (22600,)
(22600, 7) (22600,)
(22600, 7) (22600,)
(22600, 7) (22600,)
language_dict:  {'Python': 1, 'TypeScript': 2, 'Java': 3, 'CS': 4, 'CCPP': 5, 'JavaScript': 6}
best_threshold for C:  0.0006
best_f1 for C:  0.2597
best_recall:  0.5556
best_precision:  0.1695
+------------+---------------------+---------------------+---------------------+---------------------+
|  Language  |          AP         |          F1         |      Precision      |        Recall       |
+------------+---------------------+---------------------+---------------------+---------------------+
|   Python   |  0.8089620181152227 |  0.8159203980099502 |  0.8631578947368421 |  0.7735849056603774 |
| TypeScript | 0.12894028773665048 | 0.14285714285714285 |         0.2         |  0.1111111111111111 |
|    Java    |  0.3772303797656966 |  0.3595505617977528 | 0.43243243243243246 |  0.3076923076923077 |
|     CS     |  0.7192933309091635 |  0.7058823529411764 |  0.7692307692307693 |  0.6521739130434783 |
|    CCPP    | 0.31843659448571987 |  0.2669864108713029 |  0.3786848072562358 | 0.20617283950617285 |
| JavaScript |  0.5325071324343793 | 0.45047923322683703 |  0.5423076923076923 | 0.38524590163934425 |
+------------+---------------------+---------------------+---------------------+---------------------+
22603 22603 22603 22603
