[2023-11-14 15:42:56,541] [INFO] [real_accelerator.py:158:get_accelerator] Setting ds_accelerator to cuda (auto detect)
Namespace(data_file='/hpcfs/users/a1232991/Data/CVESingle/CVEALL.csv', output_dir='./saved_models/ourBin/seed72844', model_type='roberta', block_size=512, model_name='model.bin', model_name_or_path='microsoft/codebert-base', config_name='', use_non_pretrained_model=False, tokenizer_name='microsoft/codebert-base', code_length=256, post_adjust=False, do_train=True, do_eval=False, do_test=True, debug=False, evaluate_during_training=True, do_local_explanation=False, reasoning_method=None, train_batch_size=16, eval_batch_size=16, gradient_accumulation_steps=1, learning_rate=2e-05, weight_decay=0.0, adam_epsilon=1e-08, max_grad_norm=1.0, max_steps=-1, warmup_steps=0, seed=72844, epochs=10, language='Python,TypeScript,Java,CS,CCPP,JavaScript', resume=None, effort_at_top_k=0.2, top_k_recall_by_lines=0.01, top_k_recall_by_pred_prob=0.2, do_sorting_by_line_scores=False, do_sorting_by_pred_prob=False, logits_adjust=False, top_k_constant=10, num_attention_heads=12, write_raw_preds=False, use_word_level_tokenizer=False, use_non_pretrained_tokenizer=False, n_gpu=1, device=device(type='cuda'))
best_threshold for Python:  0.9916
best_f1 for Python:  0.8917
best_recall:  0.8046
best_precision:  1.0
***** Python Test results *****
{'Python_accuracy': 0.9861111111111112, 'Python_ap': 0.8864237751658416, 'Python_recall': array([0.99630451, 0.82758621]), 'Python_precision': array([0.98899486, 0.93506494]), 'Python_f1': array([0.99263623, 0.87804878]), 'Python_threshold': 0.9916, 'Python_mcc': 0.872538990041652, 'Python_cm': array([[1348,    5],
       [  15,   72]])}
best_threshold for TypeScript:  0.0109
best_f1 for TypeScript:  0.4
best_recall:  0.7083
best_precision:  0.2787
***** TypeScript Test results *****
{'TypeScript_accuracy': 0.9105691056910569, 'TypeScript_ap': 0.434209892387402, 'TypeScript_recall': array([0.98648649, 0.20833333]), 'TypeScript_precision': array([0.92016807, 0.625     ]), 'TypeScript_f1': array([0.95217391, 0.3125    ]), 'TypeScript_threshold': 0.0109, 'TypeScript_mcc': 0.32589805864512644, 'TypeScript_cm': array([[219,   3],
       [ 19,   5]])}
best_threshold for Java:  0.028
best_f1 for Java:  0.3475
best_recall:  0.4824
best_precision:  0.2715
***** Java Test results *****
{'Java_accuracy': 0.9286209286209286, 'Java_ap': 0.3253838864020157, 'Java_recall': array([0.97496318, 0.18823529]), 'Java_precision': array([0.95046662, 0.32      ]), 'Java_f1': array([0.96255907, 0.23703704]), 'Java_threshold': 0.028, 'Java_mcc': 0.21009459726508048, 'Java_cm': array([[1324,   34],
       [  69,   16]])}
best_threshold for CS:  0.8431
best_f1 for CS:  0.6897
best_recall:  0.5882
best_precision:  0.8333
***** CS Test results *****
{'CS_accuracy': 0.9040404040404041, 'CS_ap': 0.7138379467564443, 'CS_recall': array([0.9695122 , 0.58823529]), 'CS_precision': array([0.91907514, 0.8       ]), 'CS_f1': array([0.94362018, 0.6779661 ]), 'CS_threshold': 0.8431, 'CS_mcc': 0.6332948416214302, 'CS_cm': array([[159,   5],
       [ 14,  20]])}
best_threshold for CCPP:  0.0472
best_f1 for CCPP:  0.3281
best_recall:  0.3493
best_precision:  0.3093
***** CCPP Test results *****
{'CCPP_accuracy': 0.9499772328107722, 'CCPP_ap': 0.31197302970574714, 'CCPP_recall': array([0.98979452, 0.19793014]), 'CCPP_precision': array([0.95886139, 0.50662252]), 'CCPP_f1': array([0.97408244, 0.28465116]), 'CCPP_threshold': 0.0472, 'CCPP_mcc': 0.29560583436807536, 'CCPP_cm': array([[14451,   149],
       [  620,   153]])}
best_threshold for JavaScript:  0.1096
best_f1 for JavaScript:  0.46
best_recall:  0.4282
best_precision:  0.497
***** JavaScript Test results *****
{'JavaScript_accuracy': 0.9094871794871795, 'JavaScript_ap': 0.48480448814482224, 'JavaScript_recall': array([0.96843901, 0.36814621]), 'JavaScript_precision': array([0.93366228, 0.55952381]), 'JavaScript_f1': array([0.95073273, 0.44409449]), 'JavaScript_threshold': 0.1096, 'JavaScript_mcc': 0.4074299338018837, 'JavaScript_cm': array([[3406,  111],
       [ 242,  141]])}
best_threshol:  0.0972
best_f1 for:  0.3951
best_recall:  0.3593
best_precision:  0.4388
***** Test results *****
  %s = %s test_accuracy 0.9431
  %s = %s test_ap 0.4262
  %s = %s test_cm [[20907   307]
 [  979   407]]
  %s = %s test_f1 0.3876
  %s = %s test_mcc 0.383
  %s = %s test_precision 0.57
  %s = %s test_recall 0.2937
  %s = %s test_threshold 0.0972
22600 22600 22600 22600
