usage: linevul_main_mc.py [-h] [--data_file DATA_FILE]
                          [--output_dir OUTPUT_DIR] [--model_type MODEL_TYPE]
                          [--block_size BLOCK_SIZE] [--model_name MODEL_NAME]
                          [--model_name_or_path MODEL_NAME_OR_PATH]
                          [--config_name CONFIG_NAME]
                          [--use_non_pretrained_model]
                          [--tokenizer_name TOKENIZER_NAME]
                          [--code_length CODE_LENGTH] [--do_train] [--do_eval]
                          [--do_test] [--debug] [--evaluate_during_training]
                          [--do_local_explanation]
                          [--reasoning_method REASONING_METHOD]
                          [--train_batch_size TRAIN_BATCH_SIZE]
                          [--eval_batch_size EVAL_BATCH_SIZE]
                          [--gradient_accumulation_steps GRADIENT_ACCUMULATION_STEPS]
                          [--learning_rate LEARNING_RATE]
                          [--weight_decay WEIGHT_DECAY]
                          [--adam_epsilon ADAM_EPSILON]
                          [--max_grad_norm MAX_GRAD_NORM]
                          [--max_steps MAX_STEPS]
                          [--warmup_steps WARMUP_STEPS] [--seed SEED]
                          [--epochs EPOCHS] [--language LANGUAGE]
                          [--resume RESUME] [--freeze_encoder]
                          [--logits-adjust] [--post-adjust] [--focal-loss]
                          [--effort_at_top_k EFFORT_AT_TOP_K]
                          [--top_k_recall_by_lines TOP_K_RECALL_BY_LINES]
                          [--top_k_recall_by_pred_prob TOP_K_RECALL_BY_PRED_PROB]
                          [--do_sorting_by_line_scores]
                          [--do_sorting_by_pred_prob]
                          [--top_k_constant TOP_K_CONSTANT]
                          [--num_attention_heads NUM_ATTENTION_HEADS]
                          [--write_raw_preds] [--use_word_level_tokenizer]
                          [--use_non_pretrained_tokenizer]
linevul_main_mc.py: error: argument --language: expected one argument
usage: linevul_main_mc_inc.py [-h] [--data_file DATA_FILE]
                              [--output_dir OUTPUT_DIR]
                              [--model_type MODEL_TYPE]
                              [--block_size BLOCK_SIZE]
                              [--model_name MODEL_NAME]
                              [--model_name_or_path MODEL_NAME_OR_PATH]
                              [--config_name CONFIG_NAME]
                              [--use_non_pretrained_model]
                              [--tokenizer_name TOKENIZER_NAME]
                              [--code_length CODE_LENGTH] [--do_train]
                              [--do_eval] [--do_test] [--debug]
                              [--evaluate_during_training]
                              [--do_local_explanation]
                              [--reasoning_method REASONING_METHOD]
                              [--train_batch_size TRAIN_BATCH_SIZE]
                              [--eval_batch_size EVAL_BATCH_SIZE]
                              [--gradient_accumulation_steps GRADIENT_ACCUMULATION_STEPS]
                              [--learning_rate LEARNING_RATE]
                              [--weight_decay WEIGHT_DECAY]
                              [--adam_epsilon ADAM_EPSILON]
                              [--max_grad_norm MAX_GRAD_NORM]
                              [--max_steps MAX_STEPS]
                              [--warmup_steps WARMUP_STEPS] [--seed SEED]
                              [--epochs EPOCHS] [--n_old_class N_OLD_CLASS]
                              [--language LANGUAGE] [--resume RESUME]
                              [--freeze_encoder] [--logits-adjust]
                              [--post-adjust] [--focal-loss]
                              [--effort_at_top_k EFFORT_AT_TOP_K]
                              [--top_k_recall_by_lines TOP_K_RECALL_BY_LINES]
                              [--top_k_recall_by_pred_prob TOP_K_RECALL_BY_PRED_PROB]
                              [--do_sorting_by_line_scores]
                              [--do_sorting_by_pred_prob]
                              [--top_k_constant TOP_K_CONSTANT]
                              [--num_attention_heads NUM_ATTENTION_HEADS]
                              [--write_raw_preds] [--use_word_level_tokenizer]
                              [--use_non_pretrained_tokenizer]
linevul_main_mc_inc.py: error: argument --language: expected one argument
