

[2023-11-16 00:28:22,970] [INFO] [real_accelerator.py:158:get_accelerator] Setting ds_accelerator to cuda (auto detect)
Namespace(data_file='/hpcfs/users/a1232991/Data/CVESingle/CVEALL.csv', output_dir='./saved_models/ourJavaScript/seed6916', model_type='roberta', block_size=512, model_name='model.bin', model_name_or_path='microsoft/codebert-base', config_name='', use_non_pretrained_model=False, tokenizer_name='microsoft/codebert-base', code_length=256, post_adjust=False, do_train=True, do_eval=False, do_test=True, debug=False, evaluate_during_training=True, do_local_explanation=False, reasoning_method=None, train_batch_size=16, eval_batch_size=16, gradient_accumulation_steps=1, learning_rate=2e-05, weight_decay=0.0, adam_epsilon=1e-08, max_grad_norm=1.0, max_steps=-1, warmup_steps=0, seed=6916, epochs=10, language='JavaScript', resume=None, effort_at_top_k=0.2, top_k_recall_by_lines=0.01, top_k_recall_by_pred_prob=0.2, do_sorting_by_line_scores=False, do_sorting_by_pred_prob=False, logits_adjust=False, top_k_constant=10, num_attention_heads=12, write_raw_preds=False, use_word_level_tokenizer=False, use_non_pretrained_tokenizer=False, n_gpu=1, device=device(type='cuda'))
best_threshold for JavaScript:  0.3988
best_f1 for JavaScript:  0.5521
best_recall:  0.534
best_precision:  0.5714
***** JavaScript Test results *****
{'JavaScript_accuracy': 0.9173469387755102, 'JavaScript_ap': 0.6000208505738385, 'JavaScript_recall': array([0.96269079, 0.4973822 ]), 'JavaScript_precision': array([0.94663702, 0.59006211]), 'JavaScript_f1': array([0.95459641, 0.53977273]), 'JavaScript_threshold': 0.3988, 'JavaScript_mcc': 0.49691123122605874, 'JavaScript_cm': array([[3406,  132],
       [ 192,  190]])}
best_threshol:  0.3988
best_f1 for:  0.5521
best_recall:  0.534
best_precision:  0.5714
***** Test results *****
  %s = %s test_accuracy 0.9173
  %s = %s test_ap 0.6
  %s = %s test_cm [[3406  132]
 [ 192  190]]
  %s = %s test_f1 0.5398
  %s = %s test_mcc 0.4969
  %s = %s test_precision 0.5901
  %s = %s test_recall 0.4974
  %s = %s test_threshold 0.3988
3920 3920 3920 3920
[2023-11-16 02:29:55,501] [INFO] [real_accelerator.py:158:get_accelerator] Setting ds_accelerator to cuda (auto detect)
