

[2023-11-16 08:44:11,657] [INFO] [real_accelerator.py:158:get_accelerator] Setting ds_accelerator to cuda (auto detect)
Namespace(data_file='/hpcfs/users/a1232991/Data/CVESingle/CVEALL.csv', output_dir='./saved_models/ourTypeScript/seed25888', model_type='roberta', block_size=512, model_name='model.bin', model_name_or_path='microsoft/codebert-base', config_name='', use_non_pretrained_model=False, tokenizer_name='microsoft/codebert-base', code_length=256, post_adjust=False, do_train=True, do_eval=False, do_test=True, debug=False, evaluate_during_training=True, do_local_explanation=False, reasoning_method=None, train_batch_size=16, eval_batch_size=16, gradient_accumulation_steps=1, learning_rate=2e-05, weight_decay=0.0, adam_epsilon=1e-08, max_grad_norm=1.0, max_steps=-1, warmup_steps=0, seed=25888, epochs=10, language='TypeScript', resume=None, effort_at_top_k=0.2, top_k_recall_by_lines=0.01, top_k_recall_by_pred_prob=0.2, do_sorting_by_line_scores=False, do_sorting_by_pred_prob=False, logits_adjust=False, top_k_constant=10, num_attention_heads=12, write_raw_preds=False, use_word_level_tokenizer=False, use_non_pretrained_tokenizer=False, n_gpu=1, device=device(type='cuda'))
best_threshold for TypeScript:  0.2314
best_f1 for TypeScript:  0.7826
best_recall:  0.72
best_precision:  0.8571
***** TypeScript Test results *****
{'TypeScript_accuracy': 0.9297520661157025, 'TypeScript_ap': 0.815985432585753, 'TypeScript_recall': array([0.99539171, 0.36      ]), 'TypeScript_precision': array([0.93103448, 0.9       ]), 'TypeScript_f1': array([0.96213808, 0.51428571]), 'TypeScript_threshold': 0.2314, 'TypeScript_mcc': 0.5434544707690094, 'TypeScript_cm': array([[216,   1],
       [ 16,   9]])}
best_threshol:  0.2314
best_f1 for:  0.7826
best_recall:  0.72
best_precision:  0.8571
***** Test results *****
  %s = %s test_accuracy 0.9298
  %s = %s test_ap 0.816
  %s = %s test_cm [[216   1]
 [ 16   9]]
  %s = %s test_f1 0.5143
  %s = %s test_mcc 0.5435
  %s = %s test_precision 0.9
  %s = %s test_recall 0.36
  %s = %s test_threshold 0.2314
242 242 242 242
[2023-11-16 08:52:13,692] [INFO] [real_accelerator.py:158:get_accelerator] Setting ds_accelerator to cuda (auto detect)
