

[2023-11-16 00:43:32,338] [INFO] [real_accelerator.py:158:get_accelerator] Setting ds_accelerator to cuda (auto detect)
Namespace(data_file='/hpcfs/users/a1232991/Data/CVESingle/CVEALL.csv', output_dir='./saved_models/ourPython/seed25569', model_type='roberta', block_size=512, model_name='model.bin', model_name_or_path='microsoft/codebert-base', config_name='', use_non_pretrained_model=False, tokenizer_name='microsoft/codebert-base', code_length=256, post_adjust=False, do_train=True, do_eval=False, do_test=True, debug=False, evaluate_during_training=True, do_local_explanation=False, reasoning_method=None, train_batch_size=16, eval_batch_size=16, gradient_accumulation_steps=1, learning_rate=2e-05, weight_decay=0.0, adam_epsilon=1e-08, max_grad_norm=1.0, max_steps=-1, warmup_steps=0, seed=25569, epochs=10, language='Python', resume=None, effort_at_top_k=0.2, top_k_recall_by_lines=0.01, top_k_recall_by_pred_prob=0.2, do_sorting_by_line_scores=False, do_sorting_by_pred_prob=False, logits_adjust=False, top_k_constant=10, num_attention_heads=12, write_raw_preds=False, use_word_level_tokenizer=False, use_non_pretrained_tokenizer=False, n_gpu=1, device=device(type='cuda'))
best_threshold for Python:  0.9991
best_f1 for Python:  0.8603
best_recall:  0.7624
best_precision:  0.9872
***** Python Test results *****
{'Python_accuracy': 0.9804845222072678, 'Python_ap': 0.8590794499256814, 'Python_recall': array([0.99566787, 0.77227723]), 'Python_precision': array([0.98359486, 0.92857143]), 'Python_f1': array([0.98959455, 0.84324324]), 'Python_threshold': 0.9991, 'Python_mcc': 0.8369549767396108, 'Python_cm': array([[1379,    6],
       [  23,   78]])}
best_threshol:  0.9991
best_f1 for:  0.8603
best_recall:  0.7624
best_precision:  0.9872
***** Test results *****
  %s = %s test_accuracy 0.9805
  %s = %s test_ap 0.8591
  %s = %s test_cm [[1379    6]
 [  23   78]]
  %s = %s test_f1 0.8432
  %s = %s test_mcc 0.837
  %s = %s test_precision 0.9286
  %s = %s test_recall 0.7723
  %s = %s test_threshold 0.9991
1486 1486 1486 1486
[2023-11-16 01:28:53,094] [INFO] [real_accelerator.py:158:get_accelerator] Setting ds_accelerator to cuda (auto detect)
