

[2023-11-16 08:14:10,420] [INFO] [real_accelerator.py:158:get_accelerator] Setting ds_accelerator to cuda (auto detect)
Namespace(data_file='/hpcfs/users/a1232991/Data/CVESingle/CVEALL.csv', output_dir='./saved_models/ourTypeScript/seed6088', model_type='roberta', block_size=512, model_name='model.bin', model_name_or_path='microsoft/codebert-base', config_name='', use_non_pretrained_model=False, tokenizer_name='microsoft/codebert-base', code_length=256, post_adjust=False, do_train=True, do_eval=False, do_test=True, debug=False, evaluate_during_training=True, do_local_explanation=False, reasoning_method=None, train_batch_size=16, eval_batch_size=16, gradient_accumulation_steps=1, learning_rate=2e-05, weight_decay=0.0, adam_epsilon=1e-08, max_grad_norm=1.0, max_steps=-1, warmup_steps=0, seed=6088, epochs=10, language='TypeScript', resume=None, effort_at_top_k=0.2, top_k_recall_by_lines=0.01, top_k_recall_by_pred_prob=0.2, do_sorting_by_line_scores=False, do_sorting_by_pred_prob=False, logits_adjust=False, top_k_constant=10, num_attention_heads=12, write_raw_preds=False, use_word_level_tokenizer=False, use_non_pretrained_tokenizer=False, n_gpu=1, device=device(type='cuda'))
best_threshold for TypeScript:  0.0711
best_f1 for TypeScript:  0.4545
best_recall:  0.6667
best_precision:  0.3448
***** TypeScript Test results *****
{'TypeScript_accuracy': 0.9163346613545816, 'TypeScript_ap': 0.3108560157217841, 'TypeScript_recall': array([0.95338983, 0.33333333]), 'TypeScript_precision': array([0.95744681, 0.3125    ]), 'TypeScript_f1': array([0.95541401, 0.32258065]), 'TypeScript_threshold': 0.0711, 'TypeScript_mcc': 0.2782085602657993, 'TypeScript_cm': array([[225,  11],
       [ 10,   5]])}
best_threshol:  0.0711
best_f1 for:  0.4545
best_recall:  0.6667
best_precision:  0.3448
***** Test results *****
  %s = %s test_accuracy 0.9163
  %s = %s test_ap 0.3109
  %s = %s test_cm [[225  11]
 [ 10   5]]
  %s = %s test_f1 0.3226
  %s = %s test_mcc 0.2782
  %s = %s test_precision 0.3125
  %s = %s test_recall 0.3333
  %s = %s test_threshold 0.0711
251 251 251 251
[2023-11-16 08:21:51,471] [INFO] [real_accelerator.py:158:get_accelerator] Setting ds_accelerator to cuda (auto detect)
