

[2023-11-16 02:31:38,757] [INFO] [real_accelerator.py:158:get_accelerator] Setting ds_accelerator to cuda (auto detect)
Namespace(data_file='/hpcfs/users/a1232991/Data/CVESingle/CVEALL.csv', output_dir='./saved_models/ourJavaScript/seed8408', model_type='roberta', block_size=512, model_name='model.bin', model_name_or_path='microsoft/codebert-base', config_name='', use_non_pretrained_model=False, tokenizer_name='microsoft/codebert-base', code_length=256, post_adjust=False, do_train=True, do_eval=False, do_test=True, debug=False, evaluate_during_training=True, do_local_explanation=False, reasoning_method=None, train_batch_size=16, eval_batch_size=16, gradient_accumulation_steps=1, learning_rate=2e-05, weight_decay=0.0, adam_epsilon=1e-08, max_grad_norm=1.0, max_steps=-1, warmup_steps=0, seed=8408, epochs=10, language='JavaScript', resume=None, effort_at_top_k=0.2, top_k_recall_by_lines=0.01, top_k_recall_by_pred_prob=0.2, do_sorting_by_line_scores=False, do_sorting_by_pred_prob=False, logits_adjust=False, top_k_constant=10, num_attention_heads=12, write_raw_preds=False, use_word_level_tokenizer=False, use_non_pretrained_tokenizer=False, n_gpu=1, device=device(type='cuda'))
best_threshold for JavaScript:  0.0148
best_f1 for JavaScript:  0.5282
best_recall:  0.5781
best_precision:  0.4862
***** JavaScript Test results *****
{'JavaScript_accuracy': 0.9126063418406806, 'JavaScript_ap': 0.5825671735520423, 'JavaScript_recall': array([0.96015936, 0.45479452]), 'JavaScript_precision': array([0.94430451, 0.54248366]), 'JavaScript_f1': array([0.95216594, 0.4947839 ]), 'JavaScript_threshold': 0.0148, 'JavaScript_mcc': 0.4494381378890458, 'JavaScript_cm': array([[3374,  140],
       [ 199,  166]])}
best_threshol:  0.0148
best_f1 for:  0.5282
best_recall:  0.5781
best_precision:  0.4862
***** Test results *****
  %s = %s test_accuracy 0.9126
  %s = %s test_ap 0.5826
  %s = %s test_cm [[3374  140]
 [ 199  166]]
  %s = %s test_f1 0.4948
  %s = %s test_mcc 0.4494
  %s = %s test_precision 0.5425
  %s = %s test_recall 0.4548
  %s = %s test_threshold 0.0148
3879 3879 3879 3879
[2023-11-16 04:33:09,865] [INFO] [real_accelerator.py:158:get_accelerator] Setting ds_accelerator to cuda (auto detect)
