

[2023-11-16 08:11:06,718] [INFO] [real_accelerator.py:158:get_accelerator] Setting ds_accelerator to cuda (auto detect)
Namespace(data_file='/hpcfs/users/a1232991/Data/CVESingle/CVEALL.csv', output_dir='./saved_models/ourPython/seed6088', model_type='roberta', block_size=512, model_name='model.bin', model_name_or_path='microsoft/codebert-base', config_name='', use_non_pretrained_model=False, tokenizer_name='microsoft/codebert-base', code_length=256, post_adjust=False, do_train=True, do_eval=False, do_test=True, debug=False, evaluate_during_training=True, do_local_explanation=False, reasoning_method=None, train_batch_size=16, eval_batch_size=16, gradient_accumulation_steps=1, learning_rate=2e-05, weight_decay=0.0, adam_epsilon=1e-08, max_grad_norm=1.0, max_steps=-1, warmup_steps=0, seed=6088, epochs=10, language='Python', resume=None, effort_at_top_k=0.2, top_k_recall_by_lines=0.01, top_k_recall_by_pred_prob=0.2, do_sorting_by_line_scores=False, do_sorting_by_pred_prob=False, logits_adjust=False, top_k_constant=10, num_attention_heads=12, write_raw_preds=False, use_word_level_tokenizer=False, use_non_pretrained_tokenizer=False, n_gpu=1, device=device(type='cuda'))
best_threshold for Python:  0.9992
best_f1 for Python:  0.9455
best_recall:  0.8966
best_precision:  1.0
***** Python Test results *****
{'Python_accuracy': 0.9916782246879334, 'Python_ap': 0.935390876614488, 'Python_recall': array([0.99778598, 0.89655172]), 'Python_precision': array([0.99338722, 0.96296296]), 'Python_f1': array([0.99558174, 0.92857143]), 'Python_threshold': 0.9992, 'Python_mcc': 0.9248243188397931, 'Python_cm': array([[1352,    3],
       [   9,   78]])}
best_threshol:  0.9992
best_f1 for:  0.9455
best_recall:  0.8966
best_precision:  1.0
***** Test results *****
  %s = %s test_accuracy 0.9917
  %s = %s test_ap 0.9354
  %s = %s test_cm [[1352    3]
 [   9   78]]
  %s = %s test_f1 0.9286
  %s = %s test_mcc 0.9248
  %s = %s test_precision 0.963
  %s = %s test_recall 0.8966
  %s = %s test_threshold 0.9992
1442 1442 1442 1442
[2023-11-16 08:56:33,949] [INFO] [real_accelerator.py:158:get_accelerator] Setting ds_accelerator to cuda (auto detect)
