

[2023-11-16 07:44:09,021] [INFO] [real_accelerator.py:158:get_accelerator] Setting ds_accelerator to cuda (auto detect)
Namespace(data_file='/hpcfs/users/a1232991/Data/CVESingle/CVEALL.csv', output_dir='./saved_models/ourJava/seed9406', model_type='roberta', block_size=512, model_name='model.bin', model_name_or_path='microsoft/codebert-base', config_name='', use_non_pretrained_model=False, tokenizer_name='microsoft/codebert-base', code_length=256, post_adjust=False, do_train=True, do_eval=False, do_test=True, debug=False, evaluate_during_training=True, do_local_explanation=False, reasoning_method=None, train_batch_size=16, eval_batch_size=16, gradient_accumulation_steps=1, learning_rate=2e-05, weight_decay=0.0, adam_epsilon=1e-08, max_grad_norm=1.0, max_steps=-1, warmup_steps=0, seed=9406, epochs=10, language='Java', resume=None, effort_at_top_k=0.2, top_k_recall_by_lines=0.01, top_k_recall_by_pred_prob=0.2, do_sorting_by_line_scores=False, do_sorting_by_pred_prob=False, logits_adjust=False, top_k_constant=10, num_attention_heads=12, write_raw_preds=False, use_word_level_tokenizer=False, use_non_pretrained_tokenizer=False, n_gpu=1, device=device(type='cuda'))
best_threshold for Java:  0.1623
best_f1 for Java:  0.403
best_recall:  0.5684
best_precision:  0.3121
***** Java Test results *****
{'Java_accuracy': 0.9165497896213184, 'Java_ap': 0.41395988289067837, 'Java_recall': array([0.96318557, 0.26315789]), 'Java_precision': array([0.94822485, 0.33783784]), 'Java_f1': array([0.95564666, 0.29585799]), 'Java_threshold': 0.1623, 'Java_mcc': 0.25445711176222213, 'Java_cm': array([[1282,   49],
       [  70,   25]])}
best_threshol:  0.1623
best_f1 for:  0.403
best_recall:  0.5684
best_precision:  0.3121
***** Test results *****
  %s = %s test_accuracy 0.9165
  %s = %s test_ap 0.414
  %s = %s test_cm [[1282   49]
 [  70   25]]
  %s = %s test_f1 0.2959
  %s = %s test_mcc 0.2545
  %s = %s test_precision 0.3378
  %s = %s test_recall 0.2632
  %s = %s test_threshold 0.1623
1426 1426 1426 1426
[2023-11-16 08:29:19,406] [INFO] [real_accelerator.py:158:get_accelerator] Setting ds_accelerator to cuda (auto detect)
