

[2023-11-16 09:05:08,998] [INFO] [real_accelerator.py:158:get_accelerator] Setting ds_accelerator to cuda (auto detect)
Namespace(data_file='/hpcfs/users/a1232991/Data/CVESingle/CVEALL.csv', output_dir='./saved_models/ourJavaScript/seed25888', model_type='roberta', block_size=512, model_name='model.bin', model_name_or_path='microsoft/codebert-base', config_name='', use_non_pretrained_model=False, tokenizer_name='microsoft/codebert-base', code_length=256, post_adjust=False, do_train=True, do_eval=False, do_test=True, debug=False, evaluate_during_training=True, do_local_explanation=False, reasoning_method=None, train_batch_size=16, eval_batch_size=16, gradient_accumulation_steps=1, learning_rate=2e-05, weight_decay=0.0, adam_epsilon=1e-08, max_grad_norm=1.0, max_steps=-1, warmup_steps=0, seed=25888, epochs=10, language='JavaScript', resume=None, effort_at_top_k=0.2, top_k_recall_by_lines=0.01, top_k_recall_by_pred_prob=0.2, do_sorting_by_line_scores=False, do_sorting_by_pred_prob=False, logits_adjust=False, top_k_constant=10, num_attention_heads=12, write_raw_preds=False, use_word_level_tokenizer=False, use_non_pretrained_tokenizer=False, n_gpu=1, device=device(type='cuda'))
best_threshold for JavaScript:  0.0625
best_f1 for JavaScript:  0.5647
best_recall:  0.6103
best_precision:  0.5254
***** JavaScript Test results *****
{'JavaScript_accuracy': 0.9148669010547463, 'JavaScript_ap': 0.6240413694553182, 'JavaScript_recall': array([0.95740535, 0.52307692]), 'JavaScript_precision': array([0.94868966, 0.57142857]), 'JavaScript_f1': array([0.95302757, 0.54618474]), 'JavaScript_threshold': 0.0625, 'JavaScript_mcc': 0.49990757675337916, 'JavaScript_cm': array([[3439,  153],
       [ 186,  204]])}
best_threshol:  0.0625
best_f1 for:  0.5647
best_recall:  0.6103
best_precision:  0.5254
***** Test results *****
  %s = %s test_accuracy 0.9149
  %s = %s test_ap 0.6241
  %s = %s test_cm [[3439  153]
 [ 186  204]]
  %s = %s test_f1 0.5462
  %s = %s test_mcc 0.4999
  %s = %s test_precision 0.5714
  %s = %s test_recall 0.5231
  %s = %s test_threshold 0.0625
3982 3982 3982 3982
[2023-11-16 11:07:02,565] [INFO] [real_accelerator.py:158:get_accelerator] Setting ds_accelerator to cuda (auto detect)
