

[2023-11-16 08:32:07,511] [INFO] [real_accelerator.py:158:get_accelerator] Setting ds_accelerator to cuda (auto detect)
Namespace(data_file='/hpcfs/users/a1232991/Data/CVESingle/CVEALL.csv', output_dir='./saved_models/ourPython/seed25888', model_type='roberta', block_size=512, model_name='model.bin', model_name_or_path='microsoft/codebert-base', config_name='', use_non_pretrained_model=False, tokenizer_name='microsoft/codebert-base', code_length=256, post_adjust=False, do_train=True, do_eval=False, do_test=True, debug=False, evaluate_during_training=True, do_local_explanation=False, reasoning_method=None, train_batch_size=16, eval_batch_size=16, gradient_accumulation_steps=1, learning_rate=2e-05, weight_decay=0.0, adam_epsilon=1e-08, max_grad_norm=1.0, max_steps=-1, warmup_steps=0, seed=25888, epochs=10, language='Python', resume=None, effort_at_top_k=0.2, top_k_recall_by_lines=0.01, top_k_recall_by_pred_prob=0.2, do_sorting_by_line_scores=False, do_sorting_by_pred_prob=False, logits_adjust=False, top_k_constant=10, num_attention_heads=12, write_raw_preds=False, use_word_level_tokenizer=False, use_non_pretrained_tokenizer=False, n_gpu=1, device=device(type='cuda'))
best_threshold for Python:  0.9923
best_f1 for Python:  0.8833
best_recall:  0.803
best_precision:  0.9815
***** Python Test results *****
{'Python_accuracy': 0.988905325443787, 'Python_ap': 0.871910876125146, 'Python_recall': array([0.99844479, 0.8030303 ]), 'Python_precision': array([0.98997687, 0.96363636]), 'Python_f1': array([0.9941928 , 0.87603306]), 'Python_threshold': 0.9923, 'Python_mcc': 0.8742409593167813, 'Python_cm': array([[1284,    2],
       [  13,   53]])}
best_threshol:  0.9923
best_f1 for:  0.8833
best_recall:  0.803
best_precision:  0.9815
***** Test results *****
  %s = %s test_accuracy 0.9889
  %s = %s test_ap 0.8719
  %s = %s test_cm [[1284    2]
 [  13   53]]
  %s = %s test_f1 0.876
  %s = %s test_mcc 0.8742
  %s = %s test_precision 0.9636
  %s = %s test_recall 0.803
  %s = %s test_threshold 0.9923
1352 1352 1352 1352
[2023-11-16 09:17:44,016] [INFO] [real_accelerator.py:158:get_accelerator] Setting ds_accelerator to cuda (auto detect)
