

[2023-11-16 08:17:06,713] [INFO] [real_accelerator.py:158:get_accelerator] Setting ds_accelerator to cuda (auto detect)
Namespace(data_file='/hpcfs/users/a1232991/Data/CVESingle/CVEALL.csv', output_dir='./saved_models/ourJava/seed6088', model_type='roberta', block_size=512, model_name='model.bin', model_name_or_path='microsoft/codebert-base', config_name='', use_non_pretrained_model=False, tokenizer_name='microsoft/codebert-base', code_length=256, post_adjust=False, do_train=True, do_eval=False, do_test=True, debug=False, evaluate_during_training=True, do_local_explanation=False, reasoning_method=None, train_batch_size=16, eval_batch_size=16, gradient_accumulation_steps=1, learning_rate=2e-05, weight_decay=0.0, adam_epsilon=1e-08, max_grad_norm=1.0, max_steps=-1, warmup_steps=0, seed=6088, epochs=10, language='Java', resume=None, effort_at_top_k=0.2, top_k_recall_by_lines=0.01, top_k_recall_by_pred_prob=0.2, do_sorting_by_line_scores=False, do_sorting_by_pred_prob=False, logits_adjust=False, top_k_constant=10, num_attention_heads=12, write_raw_preds=False, use_word_level_tokenizer=False, use_non_pretrained_tokenizer=False, n_gpu=1, device=device(type='cuda'))
best_threshold for Java:  0.0258
best_f1 for Java:  0.3984
best_recall:  0.5
best_precision:  0.3311
***** Java Test results *****
{'Java_accuracy': 0.9100719424460432, 'Java_ap': 0.3984445447447946, 'Java_recall': array([0.95975232, 0.25510204]), 'Java_precision': array([0.94440213, 0.32467532]), 'Java_f1': array([0.95201536, 0.28571429]), 'Java_threshold': 0.0258, 'Java_mcc': 0.24044222925506123, 'Java_cm': array([[1240,   52],
       [  73,   25]])}
best_threshol:  0.0258
best_f1 for:  0.3984
best_recall:  0.5
best_precision:  0.3311
***** Test results *****
  %s = %s test_accuracy 0.9101
  %s = %s test_ap 0.3984
  %s = %s test_cm [[1240   52]
 [  73   25]]
  %s = %s test_f1 0.2857
  %s = %s test_mcc 0.2404
  %s = %s test_precision 0.3247
  %s = %s test_recall 0.2551
  %s = %s test_threshold 0.0258
1390 1390 1390 1390
[2023-11-16 09:02:12,649] [INFO] [real_accelerator.py:158:get_accelerator] Setting ds_accelerator to cuda (auto detect)
